Start testing: Nov 06 20:46 CST
----------------------------------------------------------
1/1 Testing: that-test-I-made
1/1 Test: that-test-I-made
Command: "/home/liu/Project/gtest-cmake-example/test/build/testut"
Directory: /home/liu/Project/gtest-cmake-example/test/build
"that-test-I-made" start time: Nov 06 20:46 CST
Output:
----------------------------------------------------------
Running main() from gtest_main.cc
[==========] Running 3 tests from 2 test cases.
[----------] Global test environment set-up.
[----------] 2 tests from IndependentMethod
[ RUN      ] IndependentMethod.ResetsToZero
[       OK ] IndependentMethod.ResetsToZero (0 ms)
[ RUN      ] IndependentMethod.ResetsToZero2
[       OK ] IndependentMethod.ResetsToZero2 (0 ms)
[----------] 2 tests from IndependentMethod (0 ms total)

[----------] 1 test from Project1Test
[ RUN      ] Project1Test.MethodBarDoesAbc
[       OK ] Project1Test.MethodBarDoesAbc (0 ms)
[----------] 1 test from Project1Test (0 ms total)

[----------] Global test environment tear-down
[==========] 3 tests from 2 test cases ran. (0 ms total)
[  PASSED  ] 3 tests.
<end of output>
Test time =   0.01 sec
----------------------------------------------------------
Test Passed.
"that-test-I-made" end time: Nov 06 20:46 CST
"that-test-I-made" time elapsed: 00:00:00
----------------------------------------------------------

End testing: Nov 06 20:46 CST
